<?xml version="1.0" encoding="UTF-8"?>
<!-- Generated by org.testng.reporters.JUnitReportReporter -->
<testsuite hostname="BIREN" failures="0" tests="1" name="testscripts.WishListTestCase" time="6.552" errors="0" timestamp="2024-07-26T11:24:33 IST" skipped="0">
  <testcase classname="testscripts.WishListTestCase" name="verify_User_is_able_to_add_product_to_Wishlist" time="6.552"/>
  <system-out>
    <![CDATA[wishlist page is displayed
test case got passed]]>
  </system-out>
</testsuite> <!-- testscripts.WishListTestCase -->
